#
# There is insufficient memory for the Java Runtime Environment to continue.
# Native memory allocation (malloc) failed to allocate 514656 bytes for Chunk::new
# Possible reasons:
#   The system is out of physical RAM or swap space
#   In 32 bit mode, the process size limit was hit
# Possible solutions:
#   Reduce memory load on the system
#   Increase physical memory or swap space
#   Check if swap backing store is full
#   Use 64 bit Java on a 64 bit OS
#   Decrease Java heap size (-Xmx/-Xms)
#   Decrease number of Java threads
#   Decrease Java thread stack sizes (-Xss)
#   Set larger code cache with -XX:ReservedCodeCacheSize=
# This output file may be truncated or incomplete.
#
#  Out of Memory Error (allocation.cpp:390), pid=5580, tid=12840
#
# JRE version: Java(TM) SE Runtime Environment (8.0_60-b27) (build 1.8.0_60-b27)
# Java VM: Java HotSpot(TM) 64-Bit Server VM (25.60-b23 mixed mode windows-amd64 compressed oops)
# Failed to write core dump. Minidumps are not enabled by default on client versions of Windows
#

---------------  T H R E A D  ---------------

Current thread (0x000000001bc68800):  JavaThread "C2 CompilerThread2" daemon [_thread_in_native, id=12840, stack(0x000000001c470000,0x000000001c570000)]

Stack: [0x000000001c470000,0x000000001c570000]
[error occurred during error reporting (printing stack bounds), id 0xc0000005]

Native frames: (J=compiled Java code, j=interpreted, Vv=VM code, C=native code)


Current CompileTask:
C2:  19872 1937       4       org.eclipse.sisu.inject.LocatedBeans$Itr::hasNext (161 bytes)


---------------  P R O C E S S  ---------------

Java Threads: ( => current thread )
  0x000000001bc6f800 JavaThread "Service Thread" daemon [_thread_blocked, id=8524, stack(0x000000001c670000,0x000000001c770000)]
  0x000000001bc6e800 JavaThread "C1 CompilerThread3" daemon [_thread_in_vm, id=11248, stack(0x000000001c570000,0x000000001c670000)]
=>0x000000001bc68800 JavaThread "C2 CompilerThread2" daemon [_thread_in_native, id=12840, stack(0x000000001c470000,0x000000001c570000)]
  0x000000001bc65800 JavaThread "C2 CompilerThread1" daemon [_thread_in_native, id=8336, stack(0x000000001c370000,0x000000001c470000)]
  0x000000001bc09800 JavaThread "C2 CompilerThread0" daemon [_thread_in_native, id=4528, stack(0x000000001c270000,0x000000001c370000)]
  0x000000001bbbd800 JavaThread "Monitor Ctrl-Break" daemon [_thread_in_native, id=11488, stack(0x000000001c170000,0x000000001c270000)]
  0x000000001bb9a000 JavaThread "Attach Listener" daemon [_thread_blocked, id=12280, stack(0x000000001c070000,0x000000001c170000)]
  0x000000001bb99000 JavaThread "Signal Dispatcher" daemon [_thread_blocked, id=12660, stack(0x000000001bf70000,0x000000001c070000)]
  0x0000000004a36800 JavaThread "Finalizer" daemon [_thread_blocked, id=3908, stack(0x000000001b880000,0x000000001b980000)]
  0x0000000004a35800 JavaThread "Reference Handler" daemon [_thread_blocked, id=11864, stack(0x000000001b780000,0x000000001b880000)]
  0x0000000004942800 JavaThread "main" [_thread_in_Java, id=13012, stack(0x0000000004660000,0x0000000004760000)]

Other Threads:
  0x00000000199ba800 VMThread [stack: 0x000000001b680000,0x000000001b780000] [id=10464]
  0x000000001bcb0000 WatcherThread [stack: 0x000000001c770000,0x000000001c870000] [id=6420]

VM state:not at safepoint (normal execution)

VM Mutex/Monitor currently owned by a thread:  ([mutex/lock_event])
[0x0000000004941bd0] Compile_lock - owner thread: 0x0000000000000000

Heap:
 PSYoungGen      total 38400K, used 13780K [0x00000000d5f00000, 0x00000000daa00000, 0x0000000100000000)
  eden space 33280K, 26% used [0x00000000d5f00000,0x00000000d6779240,0x00000000d7f80000)
  from space 5120K, 99% used [0x00000000d7f80000,0x00000000d847c050,0x00000000d8480000)
  to   space 5120K, 0% used [0x00000000da500000,0x00000000da500000,0x00000000daa00000)
 ParOldGen       total 87552K, used 5320K [0x0000000081c00000, 0x0000000087180000, 0x00000000d5f00000)
  object space 87552K, 6% used [0x0000000081c00000,0x0000000082132260,0x0000000087180000)
 Metaspace       used 14788K, capacity 15044K, committed 15232K, reserved 1062912K
  class space    used 1822K, capacity 1908K, committed 1920K, reserved 1048576K

Card table byte_map: [0x0000000013e00000,0x0000000014200000] byte_map_base: 0x00000000139f2000

Marking Bits: (ParMarkBitMap*) 0x000000007186a5b0
 Begin Bits: [0x0000000014cb0000, 0x0000000016c40000)
 End Bits:   [0x0000000016c40000, 0x0000000018bd0000)

Polling page: 0x0000000002c80000

CodeCache: size=245760Kb used=6667Kb max_used=6679Kb free=239092Kb
 bounds [0x0000000004a40000, 0x00000000050d0000, 0x0000000013a40000]
 total_blobs=2294 nmethods=1954 adapters=252
 compilation: enabled

Compilation events (10 events):
Event: 19.832 Thread 0x000000001bc65800 nmethod 1959 0x00000000050b75d0 code [0x00000000050b7720, 0x00000000050b77f8]
Event: 19.832 Thread 0x000000001bc65800 1967       4       java.lang.String::contains (20 bytes)
Event: 19.836 Thread 0x000000001bc65800 nmethod 1967 0x00000000050b8cd0 code [0x00000000050b8e20, 0x00000000050b8ff8]
Event: 19.836 Thread 0x000000001bc65800 1968       4       java.util.concurrent.ConcurrentHashMap::addCount (292 bytes)
Event: 19.851 Thread 0x000000001bc65800 nmethod 1968 0x00000000050b8710 code [0x00000000050b8880, 0x00000000050b8ad0]
Event: 19.851 Thread 0x000000001bc65800 1969       4       java.util.regex.Pattern$Single::isSatisfiedBy (14 bytes)
Event: 19.852 Thread 0x000000001bc65800 nmethod 1969 0x0000000005071410 code [0x0000000005071540, 0x00000000050715b8]
Event: 19.852 Thread 0x000000001bc65800 1971       4       java.util.regex.Pattern$BmpCharProperty::match (50 bytes)
Event: 19.858 Thread 0x000000001bc6e800 nmethod 1961 0x00000000050bdfd0 code [0x00000000050be8a0, 0x00000000050c57e8]
Event: 19.858 Thread 0x000000001bc6e800 1966       3       java.util.Arrays$ArrayList::indexOf (62 bytes)

GC Heap History (6 events):
Event: 7.426 GC heap before
{Heap before GC invocations=1 (full 0):
 PSYoungGen      total 38400K, used 33280K [0x00000000d5f00000, 0x00000000d8980000, 0x0000000100000000)
  eden space 33280K, 100% used [0x00000000d5f00000,0x00000000d7f80000,0x00000000d7f80000)
  from space 5120K, 0% used [0x00000000d8480000,0x00000000d8480000,0x00000000d8980000)
  to   space 5120K, 0% used [0x00000000d7f80000,0x00000000d7f80000,0x00000000d8480000)
 ParOldGen       total 87552K, used 0K [0x0000000081c00000, 0x0000000087180000, 0x00000000d5f00000)
  object space 87552K, 0% used [0x0000000081c00000,0x0000000081c00000,0x0000000087180000)
 Metaspace       used 7989K, capacity 8120K, committed 8320K, reserved 1056768K
  class space    used 997K, capacity 1048K, committed 1152K, reserved 1048576K
Event: 7.487 GC heap after
Heap after GC invocations=1 (full 0):
 PSYoungGen      total 38400K, used 4703K [0x00000000d5f00000, 0x00000000d8980000, 0x0000000100000000)
  eden space 33280K, 0% used [0x00000000d5f00000,0x00000000d5f00000,0x00000000d7f80000)
  from space 5120K, 91% used [0x00000000d7f80000,0x00000000d8417e58,0x00000000d8480000)
  to   space 5120K, 0% used [0x00000000d8480000,0x00000000d8480000,0x00000000d8980000)
 ParOldGen       total 87552K, used 8K [0x0000000081c00000, 0x0000000087180000, 0x00000000d5f00000)
  object space 87552K, 0% used [0x0000000081c00000,0x0000000081c02000,0x0000000087180000)
 Metaspace       used 7989K, capacity 8120K, committed 8320K, reserved 1056768K
  class space    used 997K, capacity 1048K, committed 1152K, reserved 1048576K
}
Event: 12.627 GC heap before
{Heap before GC invocations=2 (full 0):
 PSYoungGen      total 38400K, used 37983K [0x00000000d5f00000, 0x00000000d8980000, 0x0000000100000000)
  eden space 33280K, 100% used [0x00000000d5f00000,0x00000000d7f80000,0x00000000d7f80000)
  from space 5120K, 91% used [0x00000000d7f80000,0x00000000d8417e58,0x00000000d8480000)
  to   space 5120K, 0% used [0x00000000d8480000,0x00000000d8480000,0x00000000d8980000)
 ParOldGen       total 87552K, used 8K [0x0000000081c00000, 0x0000000087180000, 0x00000000d5f00000)
  object space 87552K, 0% used [0x0000000081c00000,0x0000000081c02000,0x0000000087180000)
 Metaspace       used 11591K, capacity 11812K, committed 12032K, reserved 1060864K
  class space    used 1456K, capacity 1508K, committed 1536K, reserved 1048576K
Event: 12.679 GC heap after
Heap after GC invocations=2 (full 0):
 PSYoungGen      total 38400K, used 5089K [0x00000000d5f00000, 0x00000000d8980000, 0x0000000100000000)
  eden space 33280K, 0% used [0x00000000d5f00000,0x00000000d5f00000,0x00000000d7f80000)
  from space 5120K, 99% used [0x00000000d8480000,0x00000000d89785e8,0x00000000d8980000)
  to   space 5120K, 0% used [0x00000000d7f80000,0x00000000d7f80000,0x00000000d8480000)
 ParOldGen       total 87552K, used 1648K [0x0000000081c00000, 0x0000000087180000, 0x00000000d5f00000)
  object space 87552K, 1% used [0x0000000081c00000,0x0000000081d9c000,0x0000000087180000)
 Metaspace       used 11591K, capacity 11812K, committed 12032K, reserved 1060864K
  class space    used 1456K, capacity 1508K, committed 1536K, reserved 1048576K
}
Event: 18.930 GC heap before
{Heap before GC invocations=3 (full 0):
 PSYoungGen      total 38400K, used 38369K [0x00000000d5f00000, 0x00000000d8980000, 0x0000000100000000)
  eden space 33280K, 100% used [0x00000000d5f00000,0x00000000d7f80000,0x00000000d7f80000)
  from space 5120K, 99% used [0x00000000d8480000,0x00000000d89785e8,0x00000000d8980000)
  to   space 5120K, 0% used [0x00000000d7f80000,0x00000000d7f80000,0x00000000d8480000)
 ParOldGen       total 87552K, used 1648K [0x0000000081c00000, 0x0000000087180000, 0x00000000d5f00000)
  object space 87552K, 1% used [0x0000000081c00000,0x0000000081d9c000,0x0000000087180000)
 Metaspace       used 14703K, capacity 14980K, committed 15232K, reserved 1062912K
  class space    used 1820K, capacity 1908K, committed 1920K, reserved 1048576K
Event: 19.063 GC heap after
Heap after GC invocations=3 (full 0):
 PSYoungGen      total 38400K, used 5104K [0x00000000d5f00000, 0x00000000daa00000, 0x0000000100000000)
  eden space 33280K, 0% used [0x00000000d5f00000,0x00000000d5f00000,0x00000000d7f80000)
  from space 5120K, 99% used [0x00000000d7f80000,0x00000000d847c050,0x00000000d8480000)
  to   space 5120K, 0% used [0x00000000da500000,0x00000000da500000,0x00000000daa00000)
 ParOldGen       total 87552K, used 5320K [0x0000000081c00000, 0x0000000087180000, 0x00000000d5f00000)
  object space 87552K, 6% used [0x0000000081c00000,0x0000000082132260,0x0000000087180000)
 Metaspace       used 14703K, capacity 14980K, committed 15232K, reserved 1062912K
  class space    used 1820K, capacity 1908K, committed 1920K, reserved 1048576K
}

Deoptimization events (10 events):
Event: 8.434 Thread 0x0000000004942800 Uncommon trap: reason=unstable_if action=reinterpret pc=0x0000000004c82f7c method=java.util.HashMap.getNode(ILjava/lang/Object;)Ljava/util/HashMap$Node; @ 129
Event: 8.524 Thread 0x0000000004942800 Uncommon trap: reason=unstable_if action=reinterpret pc=0x0000000004cda8c0 method=java.util.HashMap.getNode(ILjava/lang/Object;)Ljava/util/HashMap$Node; @ 129
Event: 13.659 Thread 0x0000000004942800 Uncommon trap: reason=unstable_if action=reinterpret pc=0x0000000004da6af4 method=java.util.concurrent.ConcurrentHashMap.putVal(Ljava/lang/Object;Ljava/lang/Object;Z)Ljava/lang/Object; @ 206
Event: 15.687 Thread 0x0000000004942800 Uncommon trap: reason=null_check action=make_not_entrant pc=0x0000000004c015dc method=java.lang.String.equals(Ljava/lang/Object;)Z @ 8
Event: 15.762 Thread 0x0000000004942800 Uncommon trap: reason=unstable_if action=reinterpret pc=0x0000000004d0b5c0 method=org.codehaus.plexus.util.xml.pull.MXParser.parseStartTag()I @ 443
Event: 16.841 Thread 0x0000000004942800 Uncommon trap: reason=unstable_if action=reinterpret pc=0x0000000004c314e8 method=java.lang.String.replace(CC)Ljava/lang/String; @ 2
Event: 17.741 Thread 0x0000000004942800 Uncommon trap: reason=unstable_if action=reinterpret pc=0x0000000004fb3530 method=java.lang.reflect.AccessibleObject.setAccessible0(Ljava/lang/reflect/AccessibleObject;Z)V @ 4
Event: 17.806 Thread 0x0000000004942800 Uncommon trap: reason=unstable_if action=reinterpret pc=0x0000000004f7dafc method=org.codehaus.plexus.util.xml.pull.MXParser.nextImpl()I @ 879
Event: 17.982 Thread 0x0000000004942800 Uncommon trap: reason=null_check action=make_not_entrant pc=0x0000000004fcff0c method=org.apache.maven.model.io.xpp3.MavenXpp3ReaderEx.checkFieldWithDuplicate(Lorg/codehaus/plexus/util/xml/pull/XmlPullParser;Ljava/lang/String;Ljava/lang/String;Ljava/util/S¡eÆÚ2@
Event: 18.097 Thread 0x0000000004942800 Uncommon trap: reason=unstable_if action=reinterpret pc=0x0000000004ff3bd8 method=org.codehaus.plexus.util.xml.pull.MXParser.nextImpl()I @ 972

Internal exceptions (10 events):
Event: 6.550 Thread 0x0000000004942800 Exception <a 'java/lang/ArrayIndexOutOfBoundsException': 113> (0x00000000d7492458) thrown at [C:\re\workspace\8-2-build-windows-amd64-cygwin\jdk8u60\4407\hotspot\src\share\vm\interpreter\interpreterRuntime.cpp, line 366]
Event: 6.551 Thread 0x0000000004942800 Exception <a 'java/lang/ArrayIndexOutOfBoundsException': 71> (0x00000000d74939b0) thrown at [C:\re\workspace\8-2-build-windows-amd64-cygwin\jdk8u60\4407\hotspot\src\share\vm\interpreter\interpreterRuntime.cpp, line 366]
Event: 6.552 Thread 0x0000000004942800 Exception <a 'java/lang/ArrayIndexOutOfBoundsException': 29> (0x00000000d7495088) thrown at [C:\re\workspace\8-2-build-windows-amd64-cygwin\jdk8u60\4407\hotspot\src\share\vm\interpreter\interpreterRuntime.cpp, line 366]
Event: 6.552 Thread 0x0000000004942800 Exception <a 'java/lang/ArrayIndexOutOfBoundsException': 23> (0x00000000d7495e18) thrown at [C:\re\workspace\8-2-build-windows-amd64-cygwin\jdk8u60\4407\hotspot\src\share\vm\interpreter\interpreterRuntime.cpp, line 366]
Event: 6.553 Thread 0x0000000004942800 Exception <a 'java/lang/ArrayIndexOutOfBoundsException': 85> (0x00000000d7497578) thrown at [C:\re\workspace\8-2-build-windows-amd64-cygwin\jdk8u60\4407\hotspot\src\share\vm\interpreter\interpreterRuntime.cpp, line 366]
Event: 13.888 Thread 0x0000000004942800 Exception <a 'java/lang/NoClassDefFoundError': com/google/inject/servlet/ServletModuleTargetVisitor> (0x00000000d6739e98) thrown at [C:\re\workspace\8-2-build-windows-amd64-cygwin\jdk8u60\4407\hotspot\src\share\vm\classfile\systemDictionary.cpp, line 199]
Event: 13.888 Thread 0x0000000004942800 Exception <a 'java/lang/NoClassDefFoundError'> (0x00000000d6739e98) thrown at [C:\re\workspace\8-2-build-windows-amd64-cygwin\jdk8u60\4407\hotspot\src\share\vm\prims\jvm.cpp, line 1390]
Event: 13.889 Thread 0x0000000004942800 Exception <a 'java/lang/NoClassDefFoundError': javax/annotation/Priority> (0x00000000d673ecb8) thrown at [C:\re\workspace\8-2-build-windows-amd64-cygwin\jdk8u60\4407\hotspot\src\share\vm\classfile\systemDictionary.cpp, line 199]
Event: 15.687 Thread 0x0000000004942800 Implicit null exception at 0x0000000004c0141b to 0x0000000004c015cd
Event: 17.982 Thread 0x0000000004942800 Implicit null exception at 0x0000000004fcfcaf to 0x0000000004fcfef1

Events (10 events):
Event: 19.086 Executing VM operation: RevokeBias
Event: 19.086 Executing VM operation: RevokeBias done
Event: 19.086 Executing VM operation: BulkRevokeBias
Event: 19.087 Executing VM operation: BulkRevokeBias done
Event: 19.662 loading class org/apache/maven/artifact/versioning/Restriction
Event: 19.662 loading class org/apache/maven/artifact/versioning/Restriction done
Event: 19.681 loading class org/apache/maven/artifact/resolver/filter/ExcludesArtifactFilter
Event: 19.682 loading class org/apache/maven/artifact/resolver/filter/ExcludesArtifactFilter done
Event: 19.683 loading class org/apache/maven/artifact/resolver/filter/IncludesArtifactFilter
Event: 19.683 loading class org/apache/maven/artifact/resolver/filter/IncludesArtifactFilter done


Dynamic libraries:
0x00007ff6d3910000 - 0x00007ff6d3947000 	C:\Program Files\Java\jdk1.8.0_60\bin\java.exe
0x00007ffe1a660000 - 0x00007ffe1a840000 	C:\WINDOWS\SYSTEM32\ntdll.dll
0x00007ffe11e50000 - 0x00007ffe11e84000 	C:\Program Files\AVAST Software\Avast\x64\aswhooka.dll
0x00007ffe1a410000 - 0x00007ffe1a4be000 	C:\WINDOWS\System32\KERNEL32.DLL
0x00007ffe177c0000 - 0x00007ffe17a26000 	C:\WINDOWS\System32\KERNELBASE.dll
0x00007ffe19030000 - 0x00007ffe190d1000 	C:\WINDOWS\System32\ADVAPI32.dll
0x00007ffe19df0000 - 0x00007ffe19e8d000 	C:\WINDOWS\System32\msvcrt.dll
0x00007ffe18fd0000 - 0x00007ffe1902b000 	C:\WINDOWS\System32\sechost.dll
0x00007ffe19270000 - 0x00007ffe1938f000 	C:\WINDOWS\System32\RPCRT4.dll
0x00007ffe190e0000 - 0x00007ffe1926e000 	C:\WINDOWS\System32\USER32.dll
0x00007ffe16fa0000 - 0x00007ffe16fc0000 	C:\WINDOWS\System32\win32u.dll
0x00007ffe1a4c0000 - 0x00007ffe1a4e8000 	C:\WINDOWS\System32\GDI32.dll
0x00007ffe16b00000 - 0x00007ffe16c91000 	C:\WINDOWS\System32\gdi32full.dll
0x00007ffe16a60000 - 0x00007ffe16afb000 	C:\WINDOWS\System32\msvcp_win.dll
0x00007ffe17a30000 - 0x00007ffe17b26000 	C:\WINDOWS\System32\ucrtbase.dll
0x00007ffe0f590000 - 0x00007ffe0f7f9000 	C:\WINDOWS\WinSxS\amd64_microsoft.windows.common-controls_6595b64144ccf1df_6.0.16299.15_none_cc92fb402215d91d\COMCTL32.dll
0x00007ffe19950000 - 0x00007ffe19c58000 	C:\WINDOWS\System32\combase.dll
0x00007ffe16f20000 - 0x00007ffe16f92000 	C:\WINDOWS\System32\bcryptPrimitives.dll
0x00007ffe1a600000 - 0x00007ffe1a62d000 	C:\WINDOWS\System32\IMM32.DLL
0x00000000718f0000 - 0x00000000719c2000 	C:\Program Files\Java\jdk1.8.0_60\jre\bin\msvcr100.dll
0x0000000071060000 - 0x00000000718e9000 	C:\Program Files\Java\jdk1.8.0_60\jre\bin\server\jvm.dll
0x00007ffe19390000 - 0x00007ffe19398000 	C:\WINDOWS\System32\PSAPI.DLL
0x00007ffe06900000 - 0x00007ffe06909000 	C:\WINDOWS\SYSTEM32\WSOCK32.dll
0x00007ffe1a4f0000 - 0x00007ffe1a55c000 	C:\WINDOWS\System32\WS2_32.dll
0x00007ffe120c0000 - 0x00007ffe120e3000 	C:\WINDOWS\SYSTEM32\WINMM.dll
0x00007ffe10ce0000 - 0x00007ffe10cea000 	C:\WINDOWS\SYSTEM32\VERSION.dll
0x00007ffe12090000 - 0x00007ffe120ba000 	C:\WINDOWS\SYSTEM32\WINMMBASE.dll
0x00007ffe16ca0000 - 0x00007ffe16cea000 	C:\WINDOWS\System32\cfgmgr32.dll
0x0000000071050000 - 0x000000007105f000 	C:\Program Files\Java\jdk1.8.0_60\jre\bin\verify.dll
0x0000000071020000 - 0x0000000071049000 	C:\Program Files\Java\jdk1.8.0_60\jre\bin\java.dll
0x0000000070a40000 - 0x0000000070a63000 	C:\Program Files\Java\jdk1.8.0_60\jre\bin\instrument.dll
0x0000000071000000 - 0x0000000071016000 	C:\Program Files\Java\jdk1.8.0_60\jre\bin\zip.dll
0x00007ffe17b90000 - 0x00007ffe18fc7000 	C:\WINDOWS\System32\SHELL32.dll
0x00007ffe1a060000 - 0x00007ffe1a106000 	C:\WINDOWS\System32\shcore.dll
0x00007ffe16fc0000 - 0x00007ffe17707000 	C:\WINDOWS\System32\windows.storage.dll
0x00007ffe19c80000 - 0x00007ffe19cd1000 	C:\WINDOWS\System32\shlwapi.dll
0x00007ffe16a40000 - 0x00007ffe16a51000 	C:\WINDOWS\System32\kernel.appcore.dll
0x00007ffe169f0000 - 0x00007ffe16a3c000 	C:\WINDOWS\System32\powrprof.dll
0x00007ffe169b0000 - 0x00007ffe169cb000 	C:\WINDOWS\System32\profapi.dll
0x00007ffe05110000 - 0x00007ffe0512a000 	C:\Program Files\JetBrains\IntelliJ IDEA 2017.2.4\bin\breakgen64.dll
0x0000000070b90000 - 0x0000000070baa000 	C:\Program Files\Java\jdk1.8.0_60\jre\bin\net.dll
0x00007ffe16240000 - 0x00007ffe162a6000 	C:\WINDOWS\system32\mswsock.dll
0x0000000070b70000 - 0x0000000070b81000 	C:\Program Files\Java\jdk1.8.0_60\jre\bin\nio.dll

VM Arguments:
jvm_args: -Dmaven.multiModuleProjectDirectory=D:\Users\Daan\Documents\Fontys\mediator -Dmaven.home=C:\Program Files\JetBrains\IntelliJ IDEA 2017.2.4\plugins\maven\lib\maven3 -Dclassworlds.conf=C:\Program Files\JetBrains\IntelliJ IDEA 2017.2.4\plugins\maven\lib\maven3\bin\m2.conf -javaagent:C:\Program Files\JetBrains\IntelliJ IDEA 2017.2.4\lib\idea_rt.jar=11875:C:\Program Files\JetBrains\IntelliJ IDEA 2017.2.4\bin -Dfile.encoding=UTF-8 
java_command: org.codehaus.classworlds.Launcher -Didea.version=2017.2.5 -DskipTests=true package
java_class_path (initial): C:\Program Files\JetBrains\IntelliJ IDEA 2017.2.4\plugins\maven\lib\maven3\boot\plexus-classworlds-2.5.2.jar;C:\Program Files\JetBrains\IntelliJ IDEA 2017.2.4\lib\idea_rt.jar
Launcher Type: SUN_STANDARD

Environment Variables:
JAVA_HOME=C:\Program Files\Java\jdk1.8.0_60
PATH=C:\ProgramData\Oracle\Java\javapath;C:\WINDOWS\system32;C:\WINDOWS;C:\WINDOWS\System32\Wbem;C:\WINDOWS\System32\WindowsPowerShell\v1.0\;C:\WINDOWS\system32\config\systemprofile\.dnx\bin;C:\Program Files\Microsoft DNX\Dnvm\;C:\Program Files\Microsoft SQL Server\120\Tools\Binn\;C:\Program Files (x86)\opencv\build\x64\vc12\bin;D:\Users\Daan\Documents\Visual Studio 2015\Projects\BlueJayGroundStation\BlueJay\lib\;D:\Users\Daan\Documents\Visual Studio 2015\lib\;C:\Program Files (x86)\Windows Live\Shared;C:\Program Files\Microsoft SQL Server\130\Tools\Binn\;C:\Program Files (x86)\Microsoft Emulator Manager\1.0\;C:\Users\Daan\AppData\Local\Programs\Git\cmd;C:\Program Files (x86)\Windows Kits\10\Windows Performance Toolkit\;C:\Program Files (x86)\JetBrains\IntelliJ IDEA 2016.3.4\plugins\maven\lib\maven3\bin;C:\Program Files (x86)\nodejs\;C:\Program Files (x86)\Nmap;C:\Users\Daan\AppData\Local\Programs\Git\cmd;D:\Users\Daan\Documents\Visual Studio 2015\Projects\BlueJayGroundStation\BlueJay\lib\;D:\Users\Daan\Documents\Visual Studio 2015\lib\;C:\Users\Daan\AppData\Local\Microsoft\WindowsApps;C:\Program Files (x86)\JetBrains\IntelliJ IDEA 2016.3.4\plugins\maven\lib\maven3\bin;C:\Users\Daan\AppData\Roaming\npm;
USERNAME=Daan
OS=Windows_NT
PROCESSOR_IDENTIFIER=Intel64 Family 6 Model 42 Stepping 7, GenuineIntel



---------------  S Y S T E M  ---------------

OS: Windows 10.0 , 64 bit Build 16299 (10.0.16299.15)

CPU:total 8 (4 cores per cpu, 2 threads per core) family 6 model 42 stepping 7, cmov, cx8, fxsr, mmx, sse, sse2, sse3, ssse3, sse4.1, sse4.2, popcnt, avx, aes, clmul, ht, tsc, tscinvbit

Memory: 4k page, physical 8273132k(898928k free), swap 12822888k(4112k free)

vm_info: Java HotSpot(TM) 64-Bit Server VM (25.60-b23) for windows-amd64 JRE (1.8.0_60-b27), built on Aug  4 2015 11:06:27 by "java_re" with MS VC++ 10.0 (VS2010)

time: Fri Dec 08 16:09:37 2017
elapsed time: 19 seconds (0d 0h 0m 19s)

